# JRE version: OpenJDK Runtime Environment (8.0_152-b01) (build 1.8.0_152-release-915-b01)
# Java VM: OpenJDK 64-Bit Server VM (25.152-b01 mixed mode linux-amd64 compressed oops)
Heap:
 PSYoungGen      total 217088K, used 13795K [0x00000000e0000000, 0x00000000ee480000, 0x0000000100000000)
  eden space 203264K, 0% used [0x00000000e0000000,0x00000000e0000000,0x00000000ec680000)
  from space 13824K, 99% used [0x00000000ec980000,0x00000000ed6f8df0,0x00000000ed700000)
  to   space 9728K, 0% used [0x00000000edb00000,0x00000000edb00000,0x00000000ee480000)
 ParOldGen       total 79360K, used 21071K [0x00000000a0000000, 0x00000000a4d80000, 0x00000000e0000000)
  object space 79360K, 26% used [0x00000000a0000000,0x00000000a1493eb0,0x00000000a4d80000)
 Metaspace       used 47477K, capacity 48584K, committed 48728K, reserved 1091584K
  class space    used 6334K, capacity 6683K, committed 6784K, reserved 1048576K
GC Heap History (10 events):
Event: 7.530 GC heap after
Heap after GC invocations=4 (full 0):
 PSYoungGen      total 132096K, used 5104K [0x00000000e0000000, 0x00000000e8600000, 0x0000000100000000)
  eden space 126976K, 0% used [0x00000000e0000000,0x00000000e0000000,0x00000000e7c00000)
  from space 5120K, 99% used [0x00000000e8100000,0x00000000e85fc000,0x00000000e8600000)
  to   space 5120K, 0% used [0x00000000e7c00000,0x00000000e7c00000,0x00000000e8100000)
 ParOldGen       total 84992K, used 9805K [0x00000000a0000000, 0x00000000a5300000, 0x00000000e0000000)
  object space 84992K, 11% used [0x00000000a0000000,0x00000000a0993630,0x00000000a5300000)
 Metaspace       used 20756K, capacity 21096K, committed 21248K, reserved 1067008K
  class space    used 2866K, capacity 3018K, committed 3072K, reserved 1048576K
}
Event: 7.530 GC heap before
{Heap before GC invocations=5 (full 1):
 PSYoungGen      total 132096K, used 5104K [0x00000000e0000000, 0x00000000e8600000, 0x0000000100000000)
  eden space 126976K, 0% used [0x00000000e0000000,0x00000000e0000000,0x00000000e7c00000)
  from space 5120K, 99% used [0x00000000e8100000,0x00000000e85fc000,0x00000000e8600000)
  to   space 5120K, 0% used [0x00000000e7c00000,0x00000000e7c00000,0x00000000e8100000)
 ParOldGen       total 84992K, used 9805K [0x00000000a0000000, 0x00000000a5300000, 0x00000000e0000000)
  object space 84992K, 11% used [0x00000000a0000000,0x00000000a0993630,0x00000000a5300000)
 Metaspace       used 20756K, capacity 21096K, committed 21248K, reserved 1067008K
  class space    used 2866K, capacity 3018K, committed 3072K, reserved 1048576K
Event: 7.645 GC heap after
Heap after GC invocations=5 (full 1):
 PSYoungGen      total 132096K, used 0K [0x00000000e0000000, 0x00000000e8600000, 0x0000000100000000)
  eden space 126976K, 0% used [0x00000000e0000000,0x00000000e0000000,0x00000000e7c00000)
  from space 5120K, 0% used [0x00000000e8100000,0x00000000e8100000,0x00000000e8600000)
  to   space 5120K, 0% used [0x00000000e7c00000,0x00000000e7c00000,0x00000000e8100000)
 ParOldGen       total 56832K, used 8219K [0x00000000a0000000, 0x00000000a3780000, 0x00000000e0000000)
  object space 56832K, 14% used [0x00000000a0000000,0x00000000a0806ed0,0x00000000a3780000)
 Metaspace       used 20756K, capacity 21096K, committed 21248K, reserved 1067008K
  class space    used 2866K, capacity 3018K, committed 3072K, reserved 1048576K
}
Event: 12.264 GC heap before
{Heap before GC invocations=6 (full 1):
 PSYoungGen      total 132096K, used 126976K [0x00000000e0000000, 0x00000000e8600000, 0x0000000100000000)
  eden space 126976K, 100% used [0x00000000e0000000,0x00000000e7c00000,0x00000000e7c00000)
  from space 5120K, 0% used [0x00000000e8100000,0x00000000e8100000,0x00000000e8600000)
  to   space 5120K, 0% used [0x00000000e7c00000,0x00000000e7c00000,0x00000000e8100000)
 ParOldGen       total 56832K, used 8219K [0x00000000a0000000, 0x00000000a3780000, 0x00000000e0000000)
  object space 56832K, 14% used [0x00000000a0000000,0x00000000a0806ed0,0x00000000a3780000)
 Metaspace       used 29658K, capacity 30116K, committed 30336K, reserved 1075200K
  class space    used 4040K, capacity 4201K, committed 4224K, reserved 1048576K
Event: 12.319 GC heap after
Heap after GC invocations=6 (full 1):
 PSYoungGen      total 132096K, used 5089K [0x00000000e0000000, 0x00000000ee880000, 0x0000000100000000)
  eden space 126976K, 0% used [0x00000000e0000000,0x00000000e0000000,0x00000000e7c00000)
  from space 5120K, 99% used [0x00000000e7c00000,0x00000000e80f87f8,0x00000000e8100000)
  to   space 13824K, 0% used [0x00000000edb00000,0x00000000edb00000,0x00000000ee880000)
 ParOldGen       total 56832K, used 13668K [0x00000000a0000000, 0x00000000a3780000, 0x00000000e0000000)
  object space 56832K, 24% used [0x00000000a0000000,0x00000000a0d59180,0x00000000a3780000)
 Metaspace       used 29658K, capacity 30116K, committed 30336K, reserved 1075200K
  class space    used 4040K, capacity 4201K, committed 4224K, reserved 1048576K
}
Event: 20.097 GC heap before
{Heap before GC invocations=7 (full 1):
 PSYoungGen      total 132096K, used 61341K [0x00000000e0000000, 0x00000000ee880000, 0x0000000100000000)
  eden space 126976K, 44% used [0x00000000e0000000,0x00000000e36eef20,0x00000000e7c00000)
  from space 5120K, 99% used [0x00000000e7c00000,0x00000000e80f87f8,0x00000000e8100000)
  to   space 13824K, 0% used [0x00000000edb00000,0x00000000edb00000,0x00000000ee880000)
 ParOldGen       total 56832K, used 13668K [0x00000000a0000000, 0x00000000a3780000, 0x00000000e0000000)
  object space 56832K, 24% used [0x00000000a0000000,0x00000000a0d59180,0x00000000a3780000)
 Metaspace       used 34643K, capacity 35154K, committed 35416K, reserved 1079296K
  class space    used 4707K, capacity 4909K, committed 4992K, reserved 1048576K
Event: 20.210 GC heap after
Heap after GC invocations=7 (full 1):
 PSYoungGen      total 212992K, used 9630K [0x00000000e0000000, 0x00000000ee480000, 0x0000000100000000)
  eden space 203264K, 0% used [0x00000000e0000000,0x00000000e0000000,0x00000000ec680000)
  from space 9728K, 98% used [0x00000000edb00000,0x00000000ee4678a8,0x00000000ee480000)
  to   space 13824K, 0% used [0x00000000ec980000,0x00000000ec980000,0x00000000ed700000)
 ParOldGen       total 56832K, used 13740K [0x00000000a0000000, 0x00000000a3780000, 0x00000000e0000000)
  object space 56832K, 24% used [0x00000000a0000000,0x00000000a0d6b190,0x00000000a3780000)
 Metaspace       used 34643K, capacity 35154K, committed 35416K, reserved 1079296K
  class space    used 4707K, capacity 4909K, committed 4992K, reserved 1048576K
}
Event: 20.210 GC heap before
{Heap before GC invocations=8 (full 2):
 PSYoungGen      total 212992K, used 9630K [0x00000000e0000000, 0x00000000ee480000, 0x0000000100000000)
  eden space 203264K, 0% used [0x00000000e0000000,0x00000000e0000000,0x00000000ec680000)
  from space 9728K, 98% used [0x00000000edb00000,0x00000000ee4678a8,0x00000000ee480000)
  to   space 13824K, 0% used [0x00000000ec980000,0x00000000ec980000,0x00000000ed700000)
 ParOldGen       total 56832K, used 13740K [0x00000000a0000000, 0x00000000a3780000, 0x00000000e0000000)
  object space 56832K, 24% used [0x00000000a0000000,0x00000000a0d6b190,0x00000000a3780000)
 Metaspace       used 34643K, capacity 35154K, committed 35416K, reserved 1079296K
  class space    used 4707K, capacity 4909K, committed 4992K, reserved 1048576K
Event: 20.279 GC heap after
Heap after GC invocations=8 (full 2):
 PSYoungGen      total 212992K, used 0K [0x00000000e0000000, 0x00000000ee480000, 0x0000000100000000)
  eden space 203264K, 0% used [0x00000000e0000000,0x00000000e0000000,0x00000000ec680000)
  from space 9728K, 0% used [0x00000000edb00000,0x00000000edb00000,0x00000000ee480000)
  to   space 13824K, 0% used [0x00000000ec980000,0x00000000ec980000,0x00000000ed700000)
 ParOldGen       total 79360K, used 16602K [0x00000000a0000000, 0x00000000a4d80000, 0x00000000e0000000)
  object space 79360K, 20% used [0x00000000a0000000,0x00000000a1036840,0x00000000a4d80000)
 Metaspace       used 34643K, capacity 35154K, committed 35416K, reserved 1079296K
  class space    used 4707K, capacity 4909K, committed 4992K, reserved 1048576K
}
Event: 137.856 GC heap before
{Heap before GC invocations=9 (full 2):
 PSYoungGen      total 212992K, used 203264K [0x00000000e0000000, 0x00000000ee480000, 0x0000000100000000)
  eden space 203264K, 100% used [0x00000000e0000000,0x00000000ec680000,0x00000000ec680000)
  from space 9728K, 0% used [0x00000000edb00000,0x00000000edb00000,0x00000000ee480000)
  to   space 13824K, 0% used [0x00000000ec980000,0x00000000ec980000,0x00000000ed700000)
 ParOldGen       total 79360K, used 16602K [0x00000000a0000000, 0x00000000a4d80000, 0x00000000e0000000)
  object space 79360K, 20% used [0x00000000a0000000,0x00000000a1036840,0x00000000a4d80000)
 Metaspace       used 47477K, capacity 48584K, committed 48728K, reserved 1091584K
  class space    used 6334K, capacity 6683K, committed 6784K, reserved 1048576K

