# JRE version: OpenJDK Runtime Environment (8.0_152-b01) (build 1.8.0_152-release-915-b01)
# Java VM: OpenJDK 64-Bit Server VM (25.152-b01 mixed mode linux-amd64 compressed oops)
Heap:
 PSYoungGen      total 226816K, used 13801K [0x00000000e0000000, 0x00000000eed80000, 0x0000000100000000)
  eden space 212992K, 0% used [0x00000000e0000000,0x00000000e0000000,0x00000000ed000000)
  from space 13824K, 99% used [0x00000000ed280000,0x00000000edffa6b0,0x00000000ee000000)
  to   space 9728K, 0% used [0x00000000ee400000,0x00000000ee400000,0x00000000eed80000)
 ParOldGen       total 74240K, used 22302K [0x00000000a0000000, 0x00000000a4880000, 0x00000000e0000000)
  object space 74240K, 30% used [0x00000000a0000000,0x00000000a15c7880,0x00000000a4880000)
 Metaspace       used 48691K, capacity 49980K, committed 50136K, reserved 1093632K
  class space    used 6514K, capacity 6863K, committed 6912K, reserved 1048576K
GC Heap History (10 events):
Event: 8.052 GC heap after
Heap after GC invocations=4 (full 0):
 PSYoungGen      total 132096K, used 5088K [0x00000000e0000000, 0x00000000e8600000, 0x0000000100000000)
  eden space 126976K, 0% used [0x00000000e0000000,0x00000000e0000000,0x00000000e7c00000)
  from space 5120K, 99% used [0x00000000e8100000,0x00000000e85f8060,0x00000000e8600000)
  to   space 5120K, 0% used [0x00000000e7c00000,0x00000000e7c00000,0x00000000e8100000)
 ParOldGen       total 84992K, used 8339K [0x00000000a0000000, 0x00000000a5300000, 0x00000000e0000000)
  object space 84992K, 9% used [0x00000000a0000000,0x00000000a0824d98,0x00000000a5300000)
 Metaspace       used 20592K, capacity 21032K, committed 21248K, reserved 1067008K
  class space    used 2850K, capacity 3005K, committed 3072K, reserved 1048576K
}
Event: 8.052 GC heap before
{Heap before GC invocations=5 (full 1):
 PSYoungGen      total 132096K, used 5088K [0x00000000e0000000, 0x00000000e8600000, 0x0000000100000000)
  eden space 126976K, 0% used [0x00000000e0000000,0x00000000e0000000,0x00000000e7c00000)
  from space 5120K, 99% used [0x00000000e8100000,0x00000000e85f8060,0x00000000e8600000)
  to   space 5120K, 0% used [0x00000000e7c00000,0x00000000e7c00000,0x00000000e8100000)
 ParOldGen       total 84992K, used 8339K [0x00000000a0000000, 0x00000000a5300000, 0x00000000e0000000)
  object space 84992K, 9% used [0x00000000a0000000,0x00000000a0824d98,0x00000000a5300000)
 Metaspace       used 20592K, capacity 21032K, committed 21248K, reserved 1067008K
  class space    used 2850K, capacity 3005K, committed 3072K, reserved 1048576K
Event: 8.139 GC heap after
Heap after GC invocations=5 (full 1):
 PSYoungGen      total 132096K, used 0K [0x00000000e0000000, 0x00000000e8600000, 0x0000000100000000)
  eden space 126976K, 0% used [0x00000000e0000000,0x00000000e0000000,0x00000000e7c00000)
  from space 5120K, 0% used [0x00000000e8100000,0x00000000e8100000,0x00000000e8600000)
  to   space 5120K, 0% used [0x00000000e7c00000,0x00000000e7c00000,0x00000000e8100000)
 ParOldGen       total 52224K, used 6886K [0x00000000a0000000, 0x00000000a3300000, 0x00000000e0000000)
  object space 52224K, 13% used [0x00000000a0000000,0x00000000a06b9b60,0x00000000a3300000)
 Metaspace       used 20592K, capacity 21032K, committed 21248K, reserved 1067008K
  class space    used 2850K, capacity 3005K, committed 3072K, reserved 1048576K
}
Event: 14.108 GC heap before
{Heap before GC invocations=6 (full 1):
 PSYoungGen      total 132096K, used 126976K [0x00000000e0000000, 0x00000000e8600000, 0x0000000100000000)
  eden space 126976K, 100% used [0x00000000e0000000,0x00000000e7c00000,0x00000000e7c00000)
  from space 5120K, 0% used [0x00000000e8100000,0x00000000e8100000,0x00000000e8600000)
  to   space 5120K, 0% used [0x00000000e7c00000,0x00000000e7c00000,0x00000000e8100000)
 ParOldGen       total 52224K, used 6886K [0x00000000a0000000, 0x00000000a3300000, 0x00000000e0000000)
  object space 52224K, 13% used [0x00000000a0000000,0x00000000a06b9b60,0x00000000a3300000)
 Metaspace       used 29906K, capacity 30474K, committed 30720K, reserved 1075200K
  class space    used 4088K, capacity 4286K, committed 4352K, reserved 1048576K
Event: 14.133 GC heap after
Heap after GC invocations=6 (full 1):
 PSYoungGen      total 132096K, used 5104K [0x00000000e0000000, 0x00000000ef180000, 0x0000000100000000)
  eden space 126976K, 0% used [0x00000000e0000000,0x00000000e0000000,0x00000000e7c00000)
  from space 5120K, 99% used [0x00000000e7c00000,0x00000000e80fc010,0x00000000e8100000)
  to   space 13824K, 0% used [0x00000000ee400000,0x00000000ee400000,0x00000000ef180000)
 ParOldGen       total 52224K, used 12988K [0x00000000a0000000, 0x00000000a3300000, 0x00000000e0000000)
  object space 52224K, 24% used [0x00000000a0000000,0x00000000a0caf038,0x00000000a3300000)
 Metaspace       used 29906K, capacity 30474K, committed 30720K, reserved 1075200K
  class space    used 4088K, capacity 4286K, committed 4352K, reserved 1048576K
}
Event: 19.466 GC heap before
{Heap before GC invocations=7 (full 1):
 PSYoungGen      total 132096K, used 66282K [0x00000000e0000000, 0x00000000ef180000, 0x0000000100000000)
  eden space 126976K, 48% used [0x00000000e0000000,0x00000000e3bbea58,0x00000000e7c00000)
  from space 5120K, 99% used [0x00000000e7c00000,0x00000000e80fc010,0x00000000e8100000)
  to   space 13824K, 0% used [0x00000000ee400000,0x00000000ee400000,0x00000000ef180000)
 ParOldGen       total 52224K, used 12988K [0x00000000a0000000, 0x00000000a3300000, 0x00000000e0000000)
  object space 52224K, 24% used [0x00000000a0000000,0x00000000a0caf038,0x00000000a3300000)
 Metaspace       used 34491K, capacity 35192K, committed 35416K, reserved 1079296K
  class space    used 4684K, capacity 4930K, committed 4992K, reserved 1048576K
Event: 19.479 GC heap after
Heap after GC invocations=7 (full 1):
 PSYoungGen      total 222720K, used 9583K [0x00000000e0000000, 0x00000000eed80000, 0x0000000100000000)
  eden space 212992K, 0% used [0x00000000e0000000,0x00000000e0000000,0x00000000ed000000)
  from space 9728K, 98% used [0x00000000ee400000,0x00000000eed5bd78,0x00000000eed80000)
  to   space 13824K, 0% used [0x00000000ed280000,0x00000000ed280000,0x00000000ee000000)
 ParOldGen       total 52224K, used 12996K [0x00000000a0000000, 0x00000000a3300000, 0x00000000e0000000)
  object space 52224K, 24% used [0x00000000a0000000,0x00000000a0cb1038,0x00000000a3300000)
 Metaspace       used 34491K, capacity 35192K, committed 35416K, reserved 1079296K
  class space    used 4684K, capacity 4930K, committed 4992K, reserved 1048576K
}
Event: 19.479 GC heap before
{Heap before GC invocations=8 (full 2):
 PSYoungGen      total 222720K, used 9583K [0x00000000e0000000, 0x00000000eed80000, 0x0000000100000000)
  eden space 212992K, 0% used [0x00000000e0000000,0x00000000e0000000,0x00000000ed000000)
  from space 9728K, 98% used [0x00000000ee400000,0x00000000eed5bd78,0x00000000eed80000)
  to   space 13824K, 0% used [0x00000000ed280000,0x00000000ed280000,0x00000000ee000000)
 ParOldGen       total 52224K, used 12996K [0x00000000a0000000, 0x00000000a3300000, 0x00000000e0000000)
  object space 52224K, 24% used [0x00000000a0000000,0x00000000a0cb1038,0x00000000a3300000)
 Metaspace       used 34491K, capacity 35192K, committed 35416K, reserved 1079296K
  class space    used 4684K, capacity 4930K, committed 4992K, reserved 1048576K
Event: 19.537 GC heap after
Heap after GC invocations=8 (full 2):
 PSYoungGen      total 222720K, used 0K [0x00000000e0000000, 0x00000000eed80000, 0x0000000100000000)
  eden space 212992K, 0% used [0x00000000e0000000,0x00000000e0000000,0x00000000ed000000)
  from space 9728K, 0% used [0x00000000ee400000,0x00000000ee400000,0x00000000eed80000)
  to   space 13824K, 0% used [0x00000000ed280000,0x00000000ed280000,0x00000000ee000000)
 ParOldGen       total 74240K, used 16391K [0x00000000a0000000, 0x00000000a4880000, 0x00000000e0000000)
  object space 74240K, 22% used [0x00000000a0000000,0x00000000a1001ff0,0x00000000a4880000)
 Metaspace       used 34491K, capacity 35192K, committed 35416K, reserved 1079296K
  class space    used 4684K, capacity 4930K, committed 4992K, reserved 1048576K
}
Event: 41.010 GC heap before
{Heap before GC invocations=9 (full 2):
 PSYoungGen      total 222720K, used 212992K [0x00000000e0000000, 0x00000000eed80000, 0x0000000100000000)
  eden space 212992K, 100% used [0x00000000e0000000,0x00000000ed000000,0x00000000ed000000)
  from space 9728K, 0% used [0x00000000ee400000,0x00000000ee400000,0x00000000eed80000)
  to   space 13824K, 0% used [0x00000000ed280000,0x00000000ed280000,0x00000000ee000000)
 ParOldGen       total 74240K, used 16391K [0x00000000a0000000, 0x00000000a4880000, 0x00000000e0000000)
  object space 74240K, 22% used [0x00000000a0000000,0x00000000a1001ff0,0x00000000a4880000)
 Metaspace       used 48691K, capacity 49980K, committed 50136K, reserved 1093632K
  class space    used 6514K, capacity 6863K, committed 6912K, reserved 1048576K

